<?xml version="1.0" encoding="UTF-8"?>
<testng-results total="1" passed="0" failed="1" skipped="0">
  <reporter-output>
  </reporter-output>
  <suite started-at="2022-08-03T15:47:37Z" name="Default suite" finished-at="2022-08-03T15:47:45Z" duration-ms="8315">
    <groups>
    </groups>
    <test started-at="2022-08-03T15:47:37Z" name="Default test" finished-at="2022-08-03T15:47:45Z" duration-ms="8315">
      <class name="webdriver.Testexample">
        <test-method is-config="true" signature="beforeTest()[pri:0, instance:webdriver.Testexample@6f7923a5]" started-at="2022-08-03T21:17:37Z" name="beforeTest" finished-at="2022-08-03T21:17:45Z" duration-ms="7997" status="PASS">
          <reporter-output>
          </reporter-output>
        </test-method> <!-- beforeTest -->
        <test-method signature="excel()[pri:0, instance:webdriver.Testexample@6f7923a5]" started-at="2022-08-03T21:17:45Z" name="excel" finished-at="2022-08-03T21:17:45Z" duration-ms="296" status="FAIL">
          <exception class="java.lang.NoSuchFieldError">
            <message>
              <![CDATA[Factory]]>
            </message>
            <full-stacktrace>
              <![CDATA[java.lang.NoSuchFieldError: Factory
	at org.apache.poi.xssf.model.ThemesTable.readFrom(ThemesTable.java:119)
	at org.apache.poi.xssf.model.ThemesTable.<init>(ThemesTable.java:87)
	at org.apache.poi.ooxml.POIXMLFactory.createDocumentPart(POIXMLFactory.java:61)
	at org.apache.poi.ooxml.POIXMLDocumentPart.read(POIXMLDocumentPart.java:661)
	at org.apache.poi.ooxml.POIXMLDocument.load(POIXMLDocument.java:165)
	at org.apache.poi.xssf.usermodel.XSSFWorkbook.<init>(XSSFWorkbook.java:259)
	at org.apache.poi.xssf.usermodel.XSSFWorkbook.<init>(XSSFWorkbook.java:289)
	at org.apache.poi.xssf.usermodel.XSSFWorkbook.<init>(XSSFWorkbook.java:285)
	at webdriver.Testexample.excel(Testexample.java:381)
	at java.base/jdk.internal.reflect.NativeMethodAccessorImpl.invoke0(Native Method)
	at java.base/jdk.internal.reflect.NativeMethodAccessorImpl.invoke(NativeMethodAccessorImpl.java:62)
	at java.base/jdk.internal.reflect.DelegatingMethodAccessorImpl.invoke(DelegatingMethodAccessorImpl.java:43)
	at java.base/java.lang.reflect.Method.invoke(Method.java:566)
	at org.testng.internal.MethodInvocationHelper.invokeMethod(MethodInvocationHelper.java:86)
	at org.testng.internal.Invoker.invokeMethod(Invoker.java:643)
	at org.testng.internal.Invoker.invokeTestMethod(Invoker.java:820)
	at org.testng.internal.Invoker.invokeTestMethods(Invoker.java:1128)
	at org.testng.internal.TestMethodWorker.invokeTestMethods(TestMethodWorker.java:129)
	at org.testng.internal.TestMethodWorker.run(TestMethodWorker.java:112)
	at org.testng.TestRunner.privateRun(TestRunner.java:782)
	at org.testng.TestRunner.run(TestRunner.java:632)
	at org.testng.SuiteRunner.runTest(SuiteRunner.java:366)
	at org.testng.SuiteRunner.runSequentially(SuiteRunner.java:361)
	at org.testng.SuiteRunner.privateRun(SuiteRunner.java:319)
	at org.testng.SuiteRunner.run(SuiteRunner.java:268)
	at org.testng.SuiteRunnerWorker.runSuite(SuiteRunnerWorker.java:52)
	at org.testng.SuiteRunnerWorker.run(SuiteRunnerWorker.java:86)
	at org.testng.TestNG.runSuitesSequentially(TestNG.java:1244)
	at org.testng.TestNG.runSuitesLocally(TestNG.java:1169)
	at org.testng.TestNG.run(TestNG.java:1064)
	at org.testng.remote.AbstractRemoteTestNG.run(AbstractRemoteTestNG.java:115)
	at org.testng.remote.RemoteTestNG.initAndRun(RemoteTestNG.java:251)
	at org.testng.remote.RemoteTestNG.main(RemoteTestNG.java:77)
]]>
            </full-stacktrace>
          </exception> <!-- java.lang.NoSuchFieldError -->
          <reporter-output>
          </reporter-output>
        </test-method> <!-- excel -->
        <test-method is-config="true" signature="aftertest()[pri:0, instance:webdriver.Testexample@6f7923a5]" started-at="2022-08-03T21:17:45Z" name="aftertest" finished-at="2022-08-03T21:17:45Z" duration-ms="1" status="PASS">
          <reporter-output>
          </reporter-output>
        </test-method> <!-- aftertest -->
      </class> <!-- webdriver.Testexample -->
    </test> <!-- Default test -->
  </suite> <!-- Default suite -->
</testng-results>
